Build started 4/24/2014 5:13:23 PM.
     1>Project "C:\Users\Cody\Downloads\Documents\GitHub\LeprechaunTears\LeprechaunTears\LeprechaunTears\LeprechaunTears.vcxproj" on node 2 (Build target(s)).
     1>ClCompile:
         C:\Program Files (x86)\Microsoft Visual Studio 11.0\VC\bin\CL.exe /c /IC:\Users\Cody\Downloads\Documents\GitHub\LeprechaunTears\LeprechaunTears\LeprechaunTears\glm\ /ZI /nologo /W3 /WX- /Od /Oy- /D WIN32 /D _DEBUG /D _CONSOLE /D _UNICODE /D UNICODE /Gm /EHsc /RTC1 /MDd /GS /fp:precise /Zc:wchar_t /Zc:forScope /Fo"Debug\\" /Fd"Debug\vc110.pdb" /Gd /TP /analyze- /errorReport:prompt Tile.cpp
         Tile.cpp
     1>c:\users\cody\downloads\documents\github\leprechauntears\leprechauntears\leprechauntears\tile.cpp(41): warning C4018: '<' : signed/unsigned mismatch
     1>c:\users\cody\downloads\documents\github\leprechauntears\leprechauntears\leprechauntears\tile.cpp(54): warning C4018: '<' : signed/unsigned mismatch
     1>c:\users\cody\downloads\documents\github\leprechauntears\leprechauntears\leprechauntears\tile.cpp(64): warning C4018: '<' : signed/unsigned mismatch
     1>c:\users\cody\downloads\documents\github\leprechauntears\leprechauntears\leprechauntears\tile.cpp(71): warning C4018: '>=' : signed/unsigned mismatch
       Link:
         C:\Program Files (x86)\Microsoft Visual Studio 11.0\VC\bin\link.exe /ERRORREPORT:PROMPT /OUT:"C:\Users\Cody\Downloads\Documents\GitHub\LeprechaunTears\LeprechaunTears\Debug\LeprechaunTears.exe" /INCREMENTAL /NOLOGO kernel32.lib user32.lib gdi32.lib winspool.lib comdlg32.lib advapi32.lib shell32.lib ole32.lib oleaut32.lib uuid.lib odbc32.lib odbccp32.lib /MANIFEST /MANIFESTUAC:"level='asInvoker' uiAccess='false'" /manifest:embed /DEBUG /PDB:"C:\Users\Cody\Downloads\Documents\GitHub\LeprechaunTears\LeprechaunTears\Debug\LeprechaunTears.pdb" /SUBSYSTEM:CONSOLE /TLBID:1 /DYNAMICBASE /NXCOMPAT /IMPLIB:"C:\Users\Cody\Downloads\Documents\GitHub\LeprechaunTears\LeprechaunTears\Debug\LeprechaunTears.lib" /MACHINE:X86 Debug\Cup.obj
         Debug\Level.obj
         Debug\Main.obj
         Debug\Point.obj
         Debug\Tee.obj
         Debug\Tile.obj
         Debug\util.obj
         LeprechaunTears.vcxproj -> C:\Users\Cody\Downloads\Documents\GitHub\LeprechaunTears\LeprechaunTears\Debug\LeprechaunTears.exe
     1>Done Building Project "C:\Users\Cody\Downloads\Documents\GitHub\LeprechaunTears\LeprechaunTears\LeprechaunTears\LeprechaunTears.vcxproj" (Build target(s)).

Build succeeded.

Time Elapsed 00:00:00.85
